<?xml version="1.0" encoding="UTF-8"?>
<!-- Generated by org.testng.reporters.JUnitReportReporter -->
<testsuite hostname="LAPTOP-042G9NEL" failures="0" tests="1" name="com.teck.swaglabs.inventorytest.AddProductToCart" time="2.623" errors="0" timestamp="2026-02-20T11:00:54 IST" skipped="0">
  <testcase classname="com.teck.swaglabs.inventorytest.AddProductToCart" name="clickonProduct" time="2.623">
    <system-out>
      <![CDATA[Sauce Labs Backpack
Sauce Labs Backpack]]>
    </system-out>
  </testcase> <!-- clickonProduct -->
  <system-out>
    <![CDATA[Sauce Labs Backpack
Sauce Labs Backpack]]>
  </system-out>
</testsuite> <!-- com.teck.swaglabs.inventorytest.AddProductToCart -->
