<?xml version="1.0" encoding="UTF-8"?>
<testng-results ignored="0" total="1" passed="1" failed="0" skipped="0">
  <reporter-output>
    <line>
      <![CDATA[Sauce Labs Backpack]]>
    </line>
    <line>
      <![CDATA[Sauce Labs Backpack]]>
    </line>
  </reporter-output>
  <suite started-at="2026-02-20T11:00:48 IST" name="Default suite" finished-at="2026-02-20T11:00:53 IST" duration-ms="5745">
    <groups>
      <group name="smokeTest">
        <method signature="AddProductToCart.clickonProduct()[pri:0, instance:com.teck.swaglabs.inventorytest.AddProductToCart@33bc72d1]" name="clickonProduct" class="com.teck.swaglabs.inventorytest.AddProductToCart"/>
      </group> <!-- smokeTest -->
    </groups>
    <test started-at="2026-02-20T11:00:48 IST" name="Default test" finished-at="2026-02-20T11:00:53 IST" duration-ms="5745">
      <class name="com.teck.swaglabs.inventorytest.AddProductToCart">
        <test-method is-config="true" signature="bsConfig()[pri:0, instance:com.teck.swaglabs.inventorytest.AddProductToCart@33bc72d1]" started-at="2026-02-20T11:00:48 IST" name="bsConfig" finished-at="2026-02-20T11:00:48 IST" duration-ms="11" status="PASS">
          <reporter-output>
          </reporter-output>
        </test-method> <!-- bsConfig -->
        <test-method is-config="true" signature="bcConfig()[pri:0, instance:com.teck.swaglabs.inventorytest.AddProductToCart@33bc72d1]" started-at="2026-02-20T11:00:48 IST" name="bcConfig" finished-at="2026-02-20T11:00:51 IST" duration-ms="2837" status="PASS">
          <reporter-output>
          </reporter-output>
        </test-method> <!-- bcConfig -->
        <test-method is-config="true" signature="bmConfig()[pri:0, instance:com.teck.swaglabs.inventorytest.AddProductToCart@33bc72d1]" started-at="2026-02-20T11:00:51 IST" name="bmConfig" finished-at="2026-02-20T11:00:52 IST" duration-ms="1286" status="PASS">
          <reporter-output>
          </reporter-output>
        </test-method> <!-- bmConfig -->
        <test-method signature="clickonProduct()[pri:0, instance:com.teck.swaglabs.inventorytest.AddProductToCart@33bc72d1]" started-at="2026-02-20T11:00:52 IST" name="clickonProduct" finished-at="2026-02-20T11:00:53 IST" duration-ms="1336" status="PASS">
          <reporter-output>
            <line>
              <![CDATA[Sauce Labs Backpack]]>
            </line>
            <line>
              <![CDATA[Sauce Labs Backpack]]>
            </line>
          </reporter-output>
        </test-method> <!-- clickonProduct -->
        <test-method is-config="true" signature="amConfig()[pri:0, instance:com.teck.swaglabs.inventorytest.AddProductToCart@33bc72d1]" started-at="2026-02-20T11:00:53 IST" name="amConfig" finished-at="2026-02-20T11:00:53 IST" duration-ms="1" status="PASS">
          <reporter-output>
          </reporter-output>
        </test-method> <!-- amConfig -->
        <test-method is-config="true" signature="acConfig()[pri:0, instance:com.teck.swaglabs.inventorytest.AddProductToCart@33bc72d1]" started-at="2026-02-20T11:00:53 IST" name="acConfig" finished-at="2026-02-20T11:00:53 IST" duration-ms="233" status="PASS">
          <reporter-output>
          </reporter-output>
        </test-method> <!-- acConfig -->
        <test-method is-config="true" signature="asConfig()[pri:0, instance:com.teck.swaglabs.inventorytest.AddProductToCart@33bc72d1]" started-at="2026-02-20T11:00:53 IST" name="asConfig" finished-at="2026-02-20T11:00:53 IST" duration-ms="1" status="PASS">
          <reporter-output>
          </reporter-output>
        </test-method> <!-- asConfig -->
      </class> <!-- com.teck.swaglabs.inventorytest.AddProductToCart -->
    </test> <!-- Default test -->
  </suite> <!-- Default suite -->
</testng-results>
